{"level":"info","ts":1736502078.230576,"msg":"Запуск сервера..."}
{"level":"info","ts":1736502081.657096,"msg":"URI: /updates/, Метод: POST, Статус: 200, Длительность: 1.165541ms, Размер: 23"}
{"level":"info","ts":1736502081.661111,"msg":"URI: /updates/, Метод: POST, Статус: 200, Длительность: 1.0125ms, Размер: 23"}
{"level":"info","ts":1736502086.8758998,"msg":"Запуск сервера..."}
{"level":"info","ts":1736502109.643478,"msg":"URI: /updates/, Метод: POST, Статус: 200, Длительность: 1.160375ms, Размер: 23"}
{"level":"info","ts":1736502109.6474822,"msg":"URI: /updates/, Метод: POST, Статус: 200, Длительность: 862.625µs, Размер: 23"}
{"level":"info","ts":1738786727.872989,"msg":"Начало основного приложения"}
{"level":"info","ts":1738786727.8763661,"msg":"Инициализация хранилища успешна. Начало работы"}
{"level":"info","ts":1738786790.799386,"msg":"Начало основного приложения"}
{"level":"info","ts":1738786790.803734,"msg":"Инициализация хранилища успешна. Начало работы"}
{"level":"info","ts":1738786803.39745,"msg":"Начало основного приложения"}
{"level":"info","ts":1738786803.3983722,"msg":"Инициализация хранилища успешна. Начало работы"}
{"level":"info","ts":1738786893.79907,"msg":"Начало основного приложения"}
{"level":"info","ts":1738786893.800033,"msg":"Инициализация хранилища успешна. Начало работы"}
{"level":"info","ts":1738787010.073361,"msg":"Запуск сервера..."}
{"level":"info","ts":1738925076.269547,"msg":"Запуск сервера..."}
{"level":"info","ts":1738925107.291828,"msg":"Начало основного приложения"}
{"level":"info","ts":1738925107.294931,"msg":"Инициализация хранилища успешна. Начало работы"}
{"level":"info","ts":1739123190.021735,"msg":"Запуск сервера..."}
{"level":"info","ts":1739123918.815073,"msg":"Начало основного приложения"}
{"level":"info","ts":1739123918.816361,"msg":"Инициализация хранилища успешна. Начало работы"}
{"level":"info","timestamp":"2025-02-18T09:49:58.020+0300","msg":"Запуск агента"}
{"level":"info","timestamp":"2025-02-18T09:49:58.021+0300","msg":"Инициализация хранилища успешна. Начало работы"}
{"level":"info","timestamp":"2025-02-18T09:50:58.880+0300","msg":"Генерация новой пары RSA-ключей"}
{"level":"info","timestamp":"2025-02-18T09:51:02.153+0300","msg":"Ключи успешно сгенерированы и сохранены"}
{"level":"info","timestamp":"2025-02-18T09:51:02.153+0300","msg":"Запуск сервера..."}
{"level":"info","timestamp":"2025-02-18T09:52:22.989+0300","msg":"Подготовка к отправке данных","server_url":"http://localhost:8080/updates/"}
{"level":"info","timestamp":"2025-02-18T09:52:22.990+0300","msg":"Сгенерирован новый AES-ключ"}
{"level":"info","timestamp":"2025-02-18T09:52:22.990+0300","msg":"Шифрование данных с помощью AES"}
{"level":"info","timestamp":"2025-02-18T09:52:22.990+0300","msg":"Данные успешно зашифрованы"}
{"level":"info","timestamp":"2025-02-18T09:52:22.991+0300","msg":"Загрузка публичного ключа","path":"public.pem"}
{"level":"info","timestamp":"2025-02-18T09:52:22.995+0300","msg":"Шифрование AES-ключа с помощью RSA"}
{"level":"error","timestamp":"2025-02-18T09:52:23.009+0300","msg":"Ошибка выполнения HTTP-запроса","error":"Post \"http://localhost:8080/updates/\": dial tcp [::1]:8080: connect: connection refused"}
{"level":"warn","timestamp":"2025-02-18T09:52:23.009+0300","msg":"Отправка метрик завершила ошибкой: Post \"http://localhost:8080/updates/\": dial tcp [::1]:8080: connect: connection refused, повторная попытка 1s"}
{"level":"info","timestamp":"2025-02-18T09:52:26.009+0300","msg":"Подготовка к отправке данных","server_url":"http://localhost:8080/updates/"}
{"level":"info","timestamp":"2025-02-18T09:52:26.009+0300","msg":"Сгенерирован новый AES-ключ"}
{"level":"info","timestamp":"2025-02-18T09:52:26.009+0300","msg":"Шифрование данных с помощью AES"}
{"level":"info","timestamp":"2025-02-18T09:52:26.009+0300","msg":"Данные успешно зашифрованы"}
{"level":"info","timestamp":"2025-02-18T09:52:26.009+0300","msg":"Загрузка публичного ключа","path":"public.pem"}
{"level":"info","timestamp":"2025-02-18T09:52:26.010+0300","msg":"Шифрование AES-ключа с помощью RSA"}
{"level":"error","timestamp":"2025-02-18T09:52:26.017+0300","msg":"Ошибка выполнения HTTP-запроса","error":"Post \"http://localhost:8080/updates/\": dial tcp [::1]:8080: connect: connection refused"}
{"level":"warn","timestamp":"2025-02-18T09:52:26.017+0300","msg":"Отправка метрик завершила ошибкой: Post \"http://localhost:8080/updates/\": dial tcp [::1]:8080: connect: connection refused, повторная попытка 3s"}
{"level":"info","timestamp":"2025-02-18T09:52:31.018+0300","msg":"Подготовка к отправке данных","server_url":"http://localhost:8080/updates/"}
{"level":"info","timestamp":"2025-02-18T09:52:31.019+0300","msg":"Сгенерирован новый AES-ключ"}
{"level":"info","timestamp":"2025-02-18T09:52:31.019+0300","msg":"Шифрование данных с помощью AES"}
{"level":"info","timestamp":"2025-02-18T09:52:31.019+0300","msg":"Данные успешно зашифрованы"}
{"level":"info","timestamp":"2025-02-18T09:52:31.019+0300","msg":"Загрузка публичного ключа","path":"public.pem"}
{"level":"info","timestamp":"2025-02-18T09:52:31.019+0300","msg":"Шифрование AES-ключа с помощью RSA"}
{"level":"error","timestamp":"2025-02-18T09:52:31.025+0300","msg":"Ошибка выполнения HTTP-запроса","error":"Post \"http://localhost:8080/updates/\": dial tcp [::1]:8080: connect: connection refused"}
{"level":"warn","timestamp":"2025-02-18T09:52:31.026+0300","msg":"Отправка метрик завершила ошибкой: Post \"http://localhost:8080/updates/\": dial tcp [::1]:8080: connect: connection refused, повторная попытка 5s"}
{"level":"info","timestamp":"2025-02-18T09:52:38.026+0300","msg":"Подготовка к отправке данных","server_url":"http://localhost:8080/updates/"}
{"level":"info","timestamp":"2025-02-18T09:52:38.026+0300","msg":"Сгенерирован новый AES-ключ"}
{"level":"info","timestamp":"2025-02-18T09:52:38.026+0300","msg":"Шифрование данных с помощью AES"}
{"level":"info","timestamp":"2025-02-18T09:52:38.026+0300","msg":"Данные успешно зашифрованы"}
{"level":"info","timestamp":"2025-02-18T09:52:38.027+0300","msg":"Загрузка публичного ключа","path":"public.pem"}
{"level":"info","timestamp":"2025-02-18T09:52:38.027+0300","msg":"Шифрование AES-ключа с помощью RSA"}
{"level":"error","timestamp":"2025-02-18T09:52:38.034+0300","msg":"Ошибка выполнения HTTP-запроса","error":"Post \"http://localhost:8080/updates/\": dial tcp [::1]:8080: connect: connection refused"}
{"level":"info","timestamp":"2025-02-18T09:52:38.034+0300","msg":"Кол-во повторных попыток 3"}
