{"level":"info","ts":1725217506.68142,"msg":"uri /updates/ method POST status 200 duration 760.667µs size 23"}
{"level":"info","ts":1725217516.6683,"msg":"uri /updates/ method POST status 200 duration 1.312333ms size 23"}
{"level":"info","ts":1725217526.666566,"msg":"uri /updates/ method POST status 200 duration 1.930417ms size 23"}
{"level":"info","ts":1725217846.556525,"msg":"uri /updates/ method POST status 200 duration 805.875µs size 23"}
{"level":"info","ts":1725217856.538729,"msg":"uri /updates/ method POST status 200 duration 464.666µs size 23"}
{"level":"info","ts":1725217866.5404081,"msg":"uri /updates/ method POST status 200 duration 1.4795ms size 23"}
{"level":"info","ts":1725217876.5381582,"msg":"uri /updates/ method POST status 200 duration 600.791µs size 23"}
{"level":"info","ts":1725217886.5399308,"msg":"uri /updates/ method POST status 200 duration 1.089833ms size 23"}
{"level":"info","ts":1725217896.5402591,"msg":"uri /updates/ method POST status 200 duration 857.334µs size 23"}
{"level":"info","ts":1725217906.537973,"msg":"uri /updates/ method POST status 200 duration 809.292µs size 23"}
{"level":"info","ts":1725217916.542672,"msg":"uri /updates/ method POST status 200 duration 840.709µs size 23"}
{"level":"info","ts":1725217926.5371158,"msg":"uri /updates/ method POST status 200 duration 280.208µs size 23"}
{"level":"info","ts":1725217936.547572,"msg":"uri /updates/ method POST status 200 duration 6.16375ms size 23"}
{"level":"info","ts":1725217946.54027,"msg":"uri /updates/ method POST status 200 duration 686.917µs size 23"}
{"level":"info","ts":1725217956.540009,"msg":"uri /updates/ method POST status 200 duration 1.626083ms size 23"}
{"level":"info","ts":1725217973.531629,"msg":"uri /updates/ method POST status 200 duration 1.048708ms size 23"}
{"level":"info","ts":1725217983.524957,"msg":"uri /updates/ method POST status 200 duration 433.875µs size 23"}
{"level":"info","ts":1725217993.527105,"msg":"uri /updates/ method POST status 200 duration 605µs size 23"}
{"level":"info","ts":1725218003.522562,"msg":"uri /updates/ method POST status 200 duration 263.792µs size 23"}
{"level":"info","ts":1725218013.544232,"msg":"uri /updates/ method POST status 200 duration 3.674166ms size 23"}
{"level":"info","ts":1725218023.527554,"msg":"uri /updates/ method POST status 200 duration 1.149958ms size 23"}
{"level":"info","ts":1725218033.5480871,"msg":"uri /updates/ method POST status 200 duration 4.927084ms size 23"}
{"level":"info","ts":1725218043.528281,"msg":"uri /updates/ method POST status 200 duration 2.152667ms size 23"}
{"level":"info","ts":1725218053.5298219,"msg":"uri /updates/ method POST status 200 duration 2.733834ms size 23"}
{"level":"info","ts":1725218063.5274491,"msg":"uri /updates/ method POST status 200 duration 779.292µs size 23"}
{"level":"info","ts":1725218073.530684,"msg":"uri /updates/ method POST status 200 duration 1.627125ms size 23"}
{"level":"info","ts":1725218083.526709,"msg":"uri /updates/ method POST status 200 duration 1.048667ms size 23"}
{"level":"info","ts":1725218093.528075,"msg":"uri /updates/ method POST status 200 duration 982.792µs size 23"}
{"level":"info","ts":1725218103.527798,"msg":"uri /updates/ method POST status 200 duration 1.581417ms size 23"}
{"level":"info","ts":1725218113.528131,"msg":"uri /updates/ method POST status 200 duration 887.666µs size 23"}
{"level":"info","ts":1725218123.529557,"msg":"uri /updates/ method POST status 200 duration 2.99ms size 23"}
{"level":"info","ts":1725218133.529058,"msg":"uri /updates/ method POST status 200 duration 1.326917ms size 23"}
{"level":"info","ts":1725218143.527286,"msg":"uri /updates/ method POST status 200 duration 2.149ms size 23"}
{"level":"info","ts":1725218153.528405,"msg":"uri /updates/ method POST status 200 duration 827.542µs size 23"}
{"level":"info","ts":1725218163.5375192,"msg":"uri /updates/ method POST status 200 duration 531.291µs size 23"}
{"level":"info","ts":1725218173.530442,"msg":"uri /updates/ method POST status 200 duration 5.133625ms size 23"}
{"level":"info","ts":1725218183.526758,"msg":"uri /updates/ method POST status 200 duration 930.542µs size 23"}
{"level":"info","ts":1725218193.5298162,"msg":"uri /updates/ method POST status 200 duration 2.724292ms size 23"}
{"level":"info","ts":1725218203.5266402,"msg":"uri /updates/ method POST status 200 duration 1.052917ms size 23"}
{"level":"info","ts":1725218213.525568,"msg":"uri /updates/ method POST status 200 duration 1.177083ms size 23"}
{"level":"info","ts":1725218223.5304582,"msg":"uri /updates/ method POST status 200 duration 1.368833ms size 23"}
{"level":"info","ts":1725218233.529881,"msg":"uri /updates/ method POST status 200 duration 1.723416ms size 23"}
{"level":"info","ts":1725218243.526345,"msg":"uri /updates/ method POST status 200 duration 1.482166ms size 23"}
{"level":"info","ts":1725218253.546998,"msg":"uri /updates/ method POST status 200 duration 387.458µs size 23"}
{"level":"info","ts":1725218263.526757,"msg":"uri /updates/ method POST status 200 duration 915.041µs size 23"}
{"level":"info","ts":1725218273.527442,"msg":"uri /updates/ method POST status 200 duration 1.55075ms size 23"}
{"level":"info","ts":1725218283.524967,"msg":"uri /updates/ method POST status 200 duration 1.389791ms size 23"}
{"level":"info","ts":1725218293.527224,"msg":"uri /updates/ method POST status 200 duration 1.688375ms size 23"}
{"level":"info","ts":1725218303.5278149,"msg":"uri /updates/ method POST status 200 duration 1.079167ms size 23"}
{"level":"info","ts":1725218313.5298738,"msg":"uri /updates/ method POST status 200 duration 3.347ms size 23"}
{"level":"info","ts":1725218323.544124,"msg":"uri /updates/ method POST status 200 duration 1.266333ms size 23"}
{"level":"info","ts":1725218333.5263638,"msg":"uri /updates/ method POST status 200 duration 1.624584ms size 23"}
{"level":"info","ts":1725218343.525049,"msg":"uri /updates/ method POST status 200 duration 1.002959ms size 23"}
{"level":"info","ts":1725218353.522722,"msg":"uri /updates/ method POST status 200 duration 700.208µs size 23"}
{"level":"info","ts":1725218363.5235682,"msg":"uri /updates/ method POST status 200 duration 806.417µs size 23"}
{"level":"info","ts":1725218373.53125,"msg":"uri /updates/ method POST status 200 duration 2.36475ms size 23"}
{"level":"info","ts":1725218383.5229912,"msg":"uri /updates/ method POST status 200 duration 586.208µs size 23"}
{"level":"info","ts":1725218393.526604,"msg":"uri /updates/ method POST status 200 duration 1.593709ms size 23"}
{"level":"info","ts":1725218431.933273,"msg":"uri /updates/ method POST status 200 duration 678.167µs size 23"}
{"level":"info","ts":1725218441.916679,"msg":"uri /updates/ method POST status 200 duration 1.015958ms size 23"}
{"level":"info","ts":1725218451.9249332,"msg":"uri /updates/ method POST status 200 duration 2.3805ms size 23"}
{"level":"info","ts":1725218461.916359,"msg":"uri /updates/ method POST status 200 duration 1.076125ms size 23"}
{"level":"info","ts":1725218479.9378428,"msg":"uri /updates/ method POST status 200 duration 659.75µs size 23"}
{"level":"info","ts":1725218481.913858,"msg":"uri /updates/ method POST status 200 duration 620.917µs size 23"}
{"level":"info","ts":1725218491.9189131,"msg":"uri /updates/ method POST status 200 duration 1.271084ms size 23"}
{"level":"info","ts":1725218501.9147909,"msg":"uri /updates/ method POST status 200 duration 1.157375ms size 23"}
{"level":"info","ts":1725218511.916456,"msg":"uri /updates/ method POST status 200 duration 606.708µs size 23"}
{"level":"info","ts":1725218521.912389,"msg":"uri /updates/ method POST status 200 duration 717.125µs size 23"}
{"level":"info","ts":1725218531.9164329,"msg":"uri /updates/ method POST status 200 duration 1.571459ms size 23"}
{"level":"info","ts":1725218541.912262,"msg":"uri /updates/ method POST status 200 duration 368.75µs size 23"}
{"level":"info","ts":1725218551.919126,"msg":"uri /updates/ method POST status 200 duration 2.67225ms size 23"}
{"level":"info","ts":1725218561.916065,"msg":"uri /updates/ method POST status 200 duration 1.036292ms size 23"}
{"level":"info","ts":1725218571.919158,"msg":"uri /updates/ method POST status 200 duration 3.207333ms size 23"}
{"level":"info","ts":1725218581.917993,"msg":"uri /updates/ method POST status 200 duration 1.486833ms size 23"}
{"level":"info","ts":1725218591.917689,"msg":"uri /updates/ method POST status 200 duration 2.404709ms size 23"}
{"level":"info","ts":1725218601.9170282,"msg":"uri /updates/ method POST status 200 duration 1.329042ms size 23"}
{"level":"info","ts":1725218611.9413812,"msg":"uri /updates/ method POST status 200 duration 5.3665ms size 23"}
{"level":"info","ts":1725218621.914591,"msg":"uri /updates/ method POST status 200 duration 946µs size 23"}
{"level":"info","ts":1725218631.9186409,"msg":"uri /updates/ method POST status 200 duration 2.665ms size 23"}
{"level":"info","ts":1725218641.914995,"msg":"uri /updates/ method POST status 200 duration 1.109333ms size 23"}
{"level":"info","ts":1725218651.91584,"msg":"uri /updates/ method POST status 200 duration 1.896084ms size 23"}
{"level":"info","ts":1725218661.918182,"msg":"uri /updates/ method POST status 200 duration 920.792µs size 23"}
{"level":"info","ts":1725218671.91803,"msg":"uri /updates/ method POST status 200 duration 1.858084ms size 23"}
{"level":"info","ts":1725218681.915503,"msg":"uri /updates/ method POST status 200 duration 931.834µs size 23"}
{"level":"info","ts":1725218691.931904,"msg":"uri /updates/ method POST status 200 duration 2.567125ms size 23"}
{"level":"info","ts":1725218701.915966,"msg":"uri /updates/ method POST status 200 duration 909.75µs size 23"}
{"level":"info","ts":1725218711.913253,"msg":"uri /updates/ method POST status 200 duration 989µs size 23"}
{"level":"info","ts":1725218721.924814,"msg":"uri /updates/ method POST status 200 duration 784.583µs size 23"}
{"level":"info","ts":1725218731.917587,"msg":"uri /updates/ method POST status 200 duration 773.625µs size 23"}
{"level":"info","ts":1725218741.913569,"msg":"uri /updates/ method POST status 200 duration 1.16975ms size 23"}
{"level":"info","ts":1725218751.912849,"msg":"uri /updates/ method POST status 200 duration 599.667µs size 23"}
{"level":"info","ts":1725218761.91442,"msg":"uri /updates/ method POST status 200 duration 1.261416ms size 23"}
{"level":"info","ts":1725218771.917001,"msg":"uri /updates/ method POST status 200 duration 1.138458ms size 23"}
{"level":"info","ts":1725218781.91291,"msg":"uri /updates/ method POST status 200 duration 1.1575ms size 23"}
{"level":"info","ts":1725218791.916672,"msg":"uri /updates/ method POST status 200 duration 926.708µs size 23"}
{"level":"info","ts":1725218801.9177809,"msg":"uri /updates/ method POST status 200 duration 3.97125ms size 23"}
{"level":"info","ts":1725218811.9146109,"msg":"uri /updates/ method POST status 200 duration 885.125µs size 23"}
{"level":"info","ts":1725218821.9161549,"msg":"uri /updates/ method POST status 200 duration 1.863292ms size 23"}
{"level":"info","ts":1725218831.912126,"msg":"uri /updates/ method POST status 200 duration 298.625µs size 23"}
{"level":"info","ts":1725218841.91405,"msg":"uri /updates/ method POST status 200 duration 1.792875ms size 23"}
{"level":"info","ts":1725218851.918704,"msg":"uri /updates/ method POST status 200 duration 510.917µs size 23"}
{"level":"info","ts":1725218861.913504,"msg":"uri /updates/ method POST status 200 duration 1.697ms size 23"}
{"level":"info","ts":1725218871.914531,"msg":"uri /updates/ method POST status 200 duration 746.333µs size 23"}
{"level":"info","ts":1725218881.913822,"msg":"uri /updates/ method POST status 200 duration 1.579125ms size 23"}
{"level":"info","ts":1725218891.914882,"msg":"uri /updates/ method POST status 200 duration 684.625µs size 23"}
{"level":"info","ts":1725218901.913245,"msg":"uri /updates/ method POST status 200 duration 1.649459ms size 23"}
{"level":"info","ts":1725218911.9151518,"msg":"uri /updates/ method POST status 200 duration 1.159958ms size 23"}
{"level":"info","ts":1725218921.932111,"msg":"uri /updates/ method POST status 200 duration 8.791209ms size 23"}
{"level":"info","ts":1725218931.913536,"msg":"uri /updates/ method POST status 200 duration 703.791µs size 23"}
{"level":"info","ts":1725218941.9338722,"msg":"uri /updates/ method POST status 200 duration 10.361416ms size 23"}
{"level":"info","ts":1725218951.916489,"msg":"uri /updates/ method POST status 200 duration 905.083µs size 23"}
{"level":"info","ts":1725218961.915124,"msg":"uri /updates/ method POST status 200 duration 711.833µs size 23"}
{"level":"info","ts":1725218971.9192178,"msg":"uri /updates/ method POST status 200 duration 4.768833ms size 23"}
{"level":"info","ts":1725218981.918129,"msg":"uri /updates/ method POST status 200 duration 2.719541ms size 23"}
{"level":"info","ts":1725218991.914159,"msg":"uri /updates/ method POST status 200 duration 1.299458ms size 23"}
{"level":"info","ts":1725219001.9163132,"msg":"uri /updates/ method POST status 200 duration 1.140375ms size 23"}
{"level":"info","ts":1725219011.9152699,"msg":"uri /updates/ method POST status 200 duration 2.082875ms size 23"}
{"level":"info","ts":1725219021.913815,"msg":"uri /updates/ method POST status 200 duration 895.125µs size 23"}
{"level":"info","ts":1725219031.915173,"msg":"uri /updates/ method POST status 200 duration 607.125µs size 23"}
{"level":"info","ts":1725219041.915931,"msg":"uri /updates/ method POST status 200 duration 1.388333ms size 23"}
{"level":"info","ts":1725219051.916894,"msg":"uri /updates/ method POST status 200 duration 2.282584ms size 23"}
{"level":"info","ts":1725219061.917462,"msg":"uri /updates/ method POST status 200 duration 1.692958ms size 23"}
{"level":"info","ts":1725219071.915128,"msg":"uri /updates/ method POST status 200 duration 1.849917ms size 23"}
{"level":"info","ts":1725219081.9335659,"msg":"uri /updates/ method POST status 200 duration 2.434791ms size 23"}
{"level":"info","ts":1725219103.227756,"msg":"uri /updates/ method POST status 200 duration 449.458µs size 23"}
{"level":"info","ts":1725219113.215251,"msg":"uri /updates/ method POST status 200 duration 1.025875ms size 23"}
{"level":"info","ts":1725219123.215582,"msg":"uri /updates/ method POST status 200 duration 2.064625ms size 23"}
{"level":"info","ts":1725219133.2124531,"msg":"uri /updates/ method POST status 200 duration 798µs size 23"}
{"level":"info","ts":1725219143.214695,"msg":"uri /updates/ method POST status 200 duration 1.669084ms size 23"}
{"level":"info","ts":1725219153.213654,"msg":"uri /updates/ method POST status 200 duration 806.75µs size 23"}
{"level":"info","ts":1725219483.166975,"msg":"uri /updates/ method POST status 200 duration 372.792µs size 23"}
{"level":"info","ts":1725219493.166581,"msg":"uri /updates/ method POST status 200 duration 602.25µs size 23"}
{"level":"info","ts":1725219503.1641972,"msg":"uri /updates/ method POST status 200 duration 325.625µs size 23"}
{"level":"info","ts":1725219513.179807,"msg":"uri /updates/ method POST status 200 duration 784.458µs size 23"}
{"level":"info","ts":1725219523.191606,"msg":"uri /updates/ method POST status 200 duration 15.533583ms size 23"}
{"level":"info","ts":1725219533.168343,"msg":"uri /updates/ method POST status 200 duration 1.292875ms size 23"}
{"level":"info","ts":1725219543.1636522,"msg":"uri /updates/ method POST status 200 duration 1.085125ms size 23"}
{"level":"info","ts":1725219553.1646369,"msg":"uri /updates/ method POST status 200 duration 675.417µs size 23"}
{"level":"info","ts":1725219563.165447,"msg":"uri /updates/ method POST status 200 duration 1.532833ms size 23"}
{"level":"info","ts":1725219573.165227,"msg":"uri /updates/ method POST status 200 duration 969.208µs size 23"}
{"level":"info","ts":1725219583.1729941,"msg":"uri /updates/ method POST status 200 duration 2.867208ms size 23"}
{"level":"info","ts":1725219593.167191,"msg":"uri /updates/ method POST status 200 duration 1.391709ms size 23"}
{"level":"info","ts":1725219603.168235,"msg":"uri /updates/ method POST status 200 duration 1.902958ms size 23"}
{"level":"info","ts":1725219613.1645892,"msg":"uri /updates/ method POST status 200 duration 851.417µs size 23"}
{"level":"info","ts":1725219623.1911738,"msg":"uri /updates/ method POST status 200 duration 2.273042ms size 23"}
{"level":"info","ts":1725219633.1863081,"msg":"uri /updates/ method POST status 200 duration 1.330791ms size 23"}
{"level":"info","ts":1725219643.193269,"msg":"uri /updates/ method POST status 200 duration 3.444792ms size 23"}
{"level":"info","ts":1725219653.167147,"msg":"uri /updates/ method POST status 200 duration 1.202042ms size 23"}
{"level":"info","ts":1725219663.166997,"msg":"uri /updates/ method POST status 200 duration 1.707875ms size 23"}
{"level":"info","ts":1725219673.166547,"msg":"uri /updates/ method POST status 200 duration 912.541µs size 23"}
{"level":"info","ts":1725263601.3165948,"msg":"uri /kktservice/api/v2 method POST status 404 duration 1.615041ms size 47"}
{"level":"info","ts":1725263615.09662,"msg":"uri /kktservice/api/v2 method POST status 404 duration 1.4675ms size 47"}
{"level":"info","ts":1725263617.104755,"msg":"uri /kktservice/api/v2 method POST status 404 duration 4.249791ms size 47"}
{"level":"info","ts":1725265961.6672142,"msg":"uri /kktservice/api/v2 method POST status 404 duration 2.718916ms size 47"}
{"level":"info","ts":1725265965.047266,"msg":"uri /kktservice/api/v2 method POST status 404 duration 217.417µs size 47"}
{"level":"info","ts":1725265968.3040268,"msg":"uri /kktservice/api/v2 method POST status 404 duration 1.758208ms size 47"}
{"level":"info","ts":1725265976.861753,"msg":"uri /kktservice/api/v2 method POST status 404 duration 3.537042ms size 47"}
{"level":"info","ts":1725265988.846813,"msg":"uri /kktservice/api/v2 method POST status 404 duration 1.147333ms size 47"}
{"level":"info","ts":1725265992.2847219,"msg":"uri /kktservice/api/v2 method POST status 404 duration 482µs size 47"}
{"level":"info","ts":1725266000.110372,"msg":"uri /kktservice/api/v2 method POST status 404 duration 1.131833ms size 47"}
{"level":"info","ts":1725266027.14236,"msg":"uri /kktservice/api/v2 method POST status 404 duration 4.0525ms size 47"}
{"level":"info","ts":1725266028.885082,"msg":"uri /kktservice/api/v2 method POST status 404 duration 979.542µs size 47"}
{"level":"info","ts":1725266107.9835231,"msg":"uri /kktservice/api/v2 method POST status 404 duration 342.125µs size 47"}
{"level":"info","ts":1725266109.9501262,"msg":"uri /kktservice/api/v2 method POST status 404 duration 816.959µs size 47"}
{"level":"info","ts":1725266112.0121238,"msg":"uri /kktservice/api/v2 method POST status 404 duration 154.25µs size 47"}
{"level":"info","ts":1725266118.3235059,"msg":"uri /kktservice/api/v2 method POST status 404 duration 815.417µs size 47"}
{"level":"info","ts":1725266131.3549829,"msg":"uri /kktservice/api/v2 method POST status 404 duration 535.625µs size 47"}
{"level":"info","ts":1725266141.604782,"msg":"uri /kktservice/api/v2 method POST status 404 duration 1.533042ms size 47"}
{"level":"info","ts":1725266143.020669,"msg":"uri /kktservice/api/v2 method POST status 404 duration 408.959µs size 47"}
{"level":"info","ts":1725266519.2155788,"msg":"uri /kktservice/api/v2 method POST status 404 duration 1.652792ms size 47"}
{"level":"info","ts":1725266520.862255,"msg":"uri /kktservice/api/v2 method POST status 404 duration 513.959µs size 47"}
{"level":"info","ts":1725341977.849561,"msg":"uri /updates/ method POST status 200 duration 847.25µs size 23"}
{"level":"info","ts":1725341987.843296,"msg":"uri /updates/ method POST status 200 duration 657.292µs size 23"}
{"level":"info","ts":1725341997.8487659,"msg":"uri /updates/ method POST status 200 duration 2.575542ms size 23"}
{"level":"info","ts":1725342007.8459451,"msg":"uri /updates/ method POST status 200 duration 776.834µs size 23"}
{"level":"info","ts":1725342017.847192,"msg":"uri /updates/ method POST status 200 duration 1.350542ms size 23"}
{"level":"info","ts":1725342027.846055,"msg":"uri /updates/ method POST status 200 duration 808.625µs size 23"}
{"level":"info","ts":1725342037.844717,"msg":"uri /updates/ method POST status 200 duration 1.022416ms size 23"}
{"level":"info","ts":1725342993.280521,"msg":"uri /updates/ method POST status 200 duration 878.583µs size 23"}
{"level":"info","ts":1725343003.286645,"msg":"uri /updates/ method POST status 200 duration 1.658ms size 23"}
{"level":"info","ts":1725343013.287613,"msg":"uri /updates/ method POST status 200 duration 546.75µs size 23"}
{"level":"info","ts":1725343023.291659,"msg":"uri /updates/ method POST status 200 duration 1.124459ms size 23"}
{"level":"info","ts":1725343033.2918022,"msg":"uri /updates/ method POST status 200 duration 411.417µs size 23"}
{"level":"info","ts":1725344028.4883242,"msg":"uri /updates/ method POST status 200 duration 1.395916ms size 23"}
{"level":"info","ts":1725344038.4879758,"msg":"uri /updates/ method POST status 200 duration 680.875µs size 23"}
{"level":"info","ts":1725344048.489027,"msg":"uri /updates/ method POST status 200 duration 2.551583ms size 23"}
{"level":"info","ts":1725344058.487085,"msg":"uri /updates/ method POST status 200 duration 539.875µs size 23"}
{"level":"info","ts":1725344068.4891148,"msg":"uri /updates/ method POST status 200 duration 902.75µs size 23"}
{"level":"info","ts":1725344078.487612,"msg":"uri /updates/ method POST status 200 duration 424.584µs size 23"}
{"level":"info","ts":1725344160.865056,"msg":"uri /updates/ method POST status 200 duration 3.226667ms size 23"}
{"level":"info","ts":1725344170.86001,"msg":"uri /updates/ method POST status 200 duration 621.5µs size 23"}
{"level":"info","ts":1725344180.8603961,"msg":"uri /updates/ method POST status 200 duration 1.502125ms size 23"}
{"level":"info","ts":1725344190.860335,"msg":"uri /updates/ method POST status 200 duration 767.625µs size 23"}
{"level":"info","ts":1725344200.8586361,"msg":"uri /updates/ method POST status 200 duration 362.583µs size 23"}
{"level":"info","ts":1725344305.849561,"msg":"uri /updates/ method POST status 200 duration 7.479042ms size 23"}
